0 info it worked if it ends with ok
1 verbose cli [ '/usr/local/bin/node', '/usr/local/bin/npm', 'start' ]
2 info using npm@3.10.3
3 info using node@v7.2.0
4 verbose run-script [ 'prestart', 'start', 'poststart' ]
5 info lifecycle Ocelot@0.3.0~prestart: Ocelot@0.3.0
6 silly lifecycle Ocelot@0.3.0~prestart: no script for prestart, continuing
7 info lifecycle Ocelot@0.3.0~start: Ocelot@0.3.0
8 verbose lifecycle Ocelot@0.3.0~start: unsafe-perm in lifecycle true
9 verbose lifecycle Ocelot@0.3.0~start: PATH: /usr/local/lib/node_modules/npm/bin/node-gyp-bin:/Users/declan.tyson/dev-dt/pjaxit/node_modules/.bin:/usr/local/bin:/Users/declan.tyson/.rvm/gems/ruby-2.2.2/bin:/Users/declan.tyson/.rvm/gems/ruby-2.2.2@global/bin:/Users/declan.tyson/.rvm/rubies/ruby-2.2.2/bin:/usr/local/mysql/bin/:/Users/declan.tyson/workspace/schnell:/Users/declan.tyson/dev-dt/mobcat:/Users/declan.tyson/.rvm/bin:/Users/declan.tyson/apache-maven-3.3.9/bin:/usr/local/bin:/usr/bin:/bin:/usr/sbin:/sbin:/Users/declan.tyson/Library/Android/sdk/tools:/Users/declan.tyson/Library/Android/sdk/platform-tools
10 verbose lifecycle Ocelot@0.3.0~start: CWD: /Users/declan.tyson/dev-dt/pjaxit
11 silly lifecycle Ocelot@0.3.0~start: Args: [ '-c', 'node example/ocelot-example.js' ]
12 silly lifecycle Ocelot@0.3.0~start: Returned: code: 1  signal: null
13 info lifecycle Ocelot@0.3.0~start: Failed to exec start script
14 verbose stack Error: Ocelot@0.3.0 start: `node example/ocelot-example.js`
14 verbose stack Exit status 1
14 verbose stack     at EventEmitter.<anonymous> (/usr/local/lib/node_modules/npm/lib/utils/lifecycle.js:242:16)
14 verbose stack     at emitTwo (events.js:106:13)
14 verbose stack     at EventEmitter.emit (events.js:191:7)
14 verbose stack     at ChildProcess.<anonymous> (/usr/local/lib/node_modules/npm/lib/utils/spawn.js:40:14)
14 verbose stack     at emitTwo (events.js:106:13)
14 verbose stack     at ChildProcess.emit (events.js:191:7)
14 verbose stack     at maybeClose (internal/child_process.js:885:16)
14 verbose stack     at Process.ChildProcess._handle.onexit (internal/child_process.js:226:5)
15 verbose pkgid Ocelot@0.3.0
16 verbose cwd /Users/declan.tyson/dev-dt/pjaxit
17 error Darwin 16.1.0
18 error argv "/usr/local/bin/node" "/usr/local/bin/npm" "start"
19 error node v7.2.0
20 error npm  v3.10.3
21 error code ELIFECYCLE
22 error Ocelot@0.3.0 start: `node example/ocelot-example.js`
22 error Exit status 1
23 error Failed at the Ocelot@0.3.0 start script 'node example/ocelot-example.js'.
23 error Make sure you have the latest version of node.js and npm installed.
23 error If you do, this is most likely a problem with the Ocelot package,
23 error not with npm itself.
23 error Tell the author that this fails on your system:
23 error     node example/ocelot-example.js
23 error You can get information on how to open an issue for this project with:
23 error     npm bugs Ocelot
23 error Or if that isn't available, you can get their info via:
23 error     npm owner ls Ocelot
23 error There is likely additional logging output above.
24 verbose exit [ 1, true ]
